12:37:37 INFO  : Launching XSDB server: xsdb.bat C:/Xilinx/SDK/2015.4/scripts/xsdb/xsdb/xsdb-server.tcl
12:37:38 INFO  : XSDB server has started successfully.
12:37:38 INFO  : Processing command line option -hwspec C:/workspace_vivado/vga_vhd/vga_vhd.sdk/top.hdf.
12:38:41 INFO  : 'targets -set -filter {jtag_cable_name =~ "Digilent Zybo 210279653217A" && level==0} -index 1' command is executed.
12:38:42 INFO  : 'fpga -state' command is executed.
12:38:57 INFO  : Connected to target on host '127.0.0.1' and port '3121'.
12:38:57 INFO  : Sourcing of 'C:/workspace_vivado/vga_vhd/vga_vhd.sdk/top_hw_platform_0/ps7_init.tcl' is done.
12:38:57 INFO  : 'targets -set -filter {name =~"APU" && jtag_cable_name =~ "Digilent Zybo 210279653217A"} -index 0' command is executed.
12:38:57 INFO  : System reset is completed.
12:39:01 INFO  : 'targets -set -filter {jtag_cable_name =~ "Digilent Zybo 210279653217A" && level==0} -index 1' command is executed.
12:39:02 INFO  : FPGA configured successfully with bitstream "C:/workspace_vivado/vga_vhd/vga_vhd.sdk/top_hw_platform_0/top.bit"
12:39:02 INFO  : 'targets -set -filter {name =~"APU" && jtag_cable_name =~ "Digilent Zybo 210279653217A"} -index 0' command is executed.
12:39:02 INFO  : Hardware design information is loaded from 'C:/workspace_vivado/vga_vhd/vga_vhd.sdk/top_hw_platform_0/system.hdf'.
12:39:03 INFO  : 'ps7_init' command is executed.
12:39:03 INFO  : 'ps7_post_config' command is executed.
12:39:03 INFO  : Context for processor 'ps7_cortexa9_0' is selected.
12:39:04 INFO  : The application 'C:/workspace_vivado/vga_vhd/vga_vhd.sdk/vga_hdl/Debug/vga_hdl.elf' is downloaded to processor 'ps7_cortexa9_0'.
12:39:04 INFO  : ----------------XSDB Script----------------
connect -url tcp:127.0.0.1:3121
source C:/workspace_vivado/vga_vhd/vga_vhd.sdk/top_hw_platform_0/ps7_init.tcl
targets -set -filter {name =~"APU" && jtag_cable_name =~ "Digilent Zybo 210279653217A"} -index 0
rst -system
targets -set -filter {jtag_cable_name =~ "Digilent Zybo 210279653217A" && level==0} -index 1
fpga -file C:/workspace_vivado/vga_vhd/vga_vhd.sdk/top_hw_platform_0/top.bit
targets -set -filter {name =~"APU" && jtag_cable_name =~ "Digilent Zybo 210279653217A"} -index 0
loadhw C:/workspace_vivado/vga_vhd/vga_vhd.sdk/top_hw_platform_0/system.hdf
ps7_init
ps7_post_config
targets -set -nocase -filter {name =~ "ARM*#0" && jtag_cable_name =~ "Digilent Zybo 210279653217A"} -index 0
dow C:/workspace_vivado/vga_vhd/vga_vhd.sdk/vga_hdl/Debug/vga_hdl.elf
----------------End of Script----------------

12:39:04 INFO  : Memory regions updated for context APU
12:39:04 INFO  : Context for processor 'ps7_cortexa9_0' is selected.
12:39:04 INFO  : 'con' command is executed.
12:39:04 INFO  : ----------------XSDB Script (After Launch)----------------
targets -set -nocase -filter {name =~ "ARM*#0" && jtag_cable_name =~ "Digilent Zybo 210279653217A"} -index 0
con
----------------End of Script----------------

12:40:14 WARN  : Unexpected exception occurred.
java.io.IOException: Command [C 188 xsdb eval "disconnect tcfchan#1"] aborted
	at org.eclipse.tcf.core.AbstractChannel$9.run(AbstractChannel.java:753)
	at org.eclipse.tcf.EventQueue.run(EventQueue.java:95)
	at java.lang.Thread.run(Thread.java:745)
Caused by: java.net.SocketException: Unrecognized Windows Sockets error: 0: recv failed
	at java.net.SocketInputStream.socketRead0(Native Method)
	at java.net.SocketInputStream.socketRead(SocketInputStream.java:116)
	at java.net.SocketInputStream.read(SocketInputStream.java:170)
	at java.net.SocketInputStream.read(SocketInputStream.java:141)
	at java.io.BufferedInputStream.read1(BufferedInputStream.java:284)
	at java.io.BufferedInputStream.read(BufferedInputStream.java:345)
	at java.io.FilterInputStream.read(FilterInputStream.java:107)
	at org.eclipse.tcf.core.ChannelTCP.get(ChannelTCP.java:162)
	at org.eclipse.tcf.core.StreamChannel.read(StreamChannel.java:84)
	at org.eclipse.tcf.core.AbstractChannel$1.run(AbstractChannel.java:254)
13:00:06 INFO  : Launching XSDB server: xsdb.bat C:/Xilinx/SDK/2015.4/scripts/xsdb/xsdb/xsdb-server.tcl
13:00:07 INFO  : XSDB server has started successfully.
13:00:07 INFO  : Processing command line option -hwspec C:/workspace_vivado/vga_vhd/vga_vhd.sdk/top.hdf.
13:00:07 INFO  : Checking for hwspec changes in the project top_hw_platform_0.
13:00:40 INFO  : Connected to target on host '127.0.0.1' and port '3121'.
13:00:40 INFO  : Sourcing of 'C:/workspace_vivado/vga_vhd/vga_vhd.sdk/top_hw_platform_0/ps7_init.tcl' is done.
13:00:41 INFO  : 'targets -set -filter {name =~"APU" && jtag_cable_name =~ "Digilent Zybo 210279653217A"} -index 0' command is executed.
13:00:41 INFO  : System reset is completed.
13:00:45 INFO  : 'targets -set -filter {jtag_cable_name =~ "Digilent Zybo 210279653217A" && level==0} -index 1' command is executed.
13:00:46 INFO  : FPGA configured successfully with bitstream "C:/workspace_vivado/vga_vhd/vga_vhd.sdk/top_hw_platform_0/top.bit"
13:00:47 INFO  : 'targets -set -filter {name =~"APU" && jtag_cable_name =~ "Digilent Zybo 210279653217A"} -index 0' command is executed.
13:00:47 INFO  : Hardware design information is loaded from 'C:/workspace_vivado/vga_vhd/vga_vhd.sdk/top_hw_platform_0/system.hdf'.
13:00:48 INFO  : 'ps7_init' command is executed.
13:00:48 INFO  : 'ps7_post_config' command is executed.
13:00:48 INFO  : Context for processor 'ps7_cortexa9_0' is selected.
13:00:49 INFO  : The application 'C:/workspace_vivado/vga_vhd/vga_vhd.sdk/vga_hdl/Debug/vga_hdl.elf' is downloaded to processor 'ps7_cortexa9_0'.
13:00:49 INFO  : ----------------XSDB Script----------------
connect -url tcp:127.0.0.1:3121
source C:/workspace_vivado/vga_vhd/vga_vhd.sdk/top_hw_platform_0/ps7_init.tcl
targets -set -filter {name =~"APU" && jtag_cable_name =~ "Digilent Zybo 210279653217A"} -index 0
rst -system
targets -set -filter {jtag_cable_name =~ "Digilent Zybo 210279653217A" && level==0} -index 1
fpga -file C:/workspace_vivado/vga_vhd/vga_vhd.sdk/top_hw_platform_0/top.bit
targets -set -filter {name =~"APU" && jtag_cable_name =~ "Digilent Zybo 210279653217A"} -index 0
loadhw C:/workspace_vivado/vga_vhd/vga_vhd.sdk/top_hw_platform_0/system.hdf
ps7_init
ps7_post_config
targets -set -nocase -filter {name =~ "ARM*#0" && jtag_cable_name =~ "Digilent Zybo 210279653217A"} -index 0
dow C:/workspace_vivado/vga_vhd/vga_vhd.sdk/vga_hdl/Debug/vga_hdl.elf
----------------End of Script----------------

13:00:49 INFO  : Memory regions updated for context APU
13:00:49 INFO  : Context for processor 'ps7_cortexa9_0' is selected.
13:00:49 INFO  : 'con' command is executed.
13:00:49 INFO  : ----------------XSDB Script (After Launch)----------------
targets -set -nocase -filter {name =~ "ARM*#0" && jtag_cable_name =~ "Digilent Zybo 210279653217A"} -index 0
con
----------------End of Script----------------

13:01:33 INFO  : SDK has detected change in the last modified timestamps for source hardware specification file Source:1478923157737,  Project:1478881340685
13:01:33 INFO  : Project top_hw_platform_0's source hardware specification located at C:/workspace_vivado/vga_vhd/vga_vhd.sdk/top.hdf is now different from the local copy.
		 The local copy will be replaced with the source specification and your workspace will be updated.
13:01:39 INFO  : Copied contents of C:/workspace_vivado/vga_vhd/vga_vhd.sdk/top.hdf into \top_hw_platform_0\system.hdf.
13:01:43 INFO  : Synchronizing projects in the workspace with the hardware platform specification changes.
13:01:45 INFO  : 
13:01:45 INFO  : Updating hardware inferred compiler options for vga_hdl.
13:01:45 INFO  : Clearing existing target manager status.
13:01:46 INFO  : Closing and re-opening the MSS file of ther project vga_hdl_bsp
13:01:48 INFO  : Workspace synchronized with the new hardware specification file. Cleaning dependent projects...
13:01:48 WARN  : Linker script will not be updated automatically. Users need to update it manually.
13:02:23 INFO  : Disconnected from the channel tcfchan#1.
13:02:26 INFO  : Connected to target on host '127.0.0.1' and port '3121'.
13:02:26 INFO  : Sourcing of 'C:/workspace_vivado/vga_vhd/vga_vhd.sdk/top_hw_platform_0/ps7_init.tcl' is done.
13:02:29 INFO  : ----------------XSDB Script----------------
connect -url tcp:127.0.0.1:3121
source C:/workspace_vivado/vga_vhd/vga_vhd.sdk/top_hw_platform_0/ps7_init.tcl
----------------End of Script----------------

13:02:49 ERROR : Unexpected error while parsing XMD response ?: com.google.gson.JsonSyntaxException: com.google.gson.stream.MalformedJsonException: invalid number or unquoted string near 
13:03:06 INFO  : Launching XSDB server: xsdb.bat C:/Xilinx/SDK/2015.4/scripts/xsdb/xsdb/xsdb-server.tcl
13:03:07 INFO  : XSDB server has started successfully.
13:03:11 INFO  : Processing command line option -hwspec C:/workspace_vivado/vga_vhd/vga_vhd.sdk/top.hdf.
13:03:13 INFO  : Checking for hwspec changes in the project top_hw_platform_0.
13:03:45 INFO  : Connected to target on host '127.0.0.1' and port '3121'.
13:03:46 INFO  : Sourcing of 'C:/workspace_vivado/vga_vhd/vga_vhd.sdk/top_hw_platform_0/ps7_init.tcl' is done.
13:03:46 INFO  : 'targets -set -filter {name =~"APU" && jtag_cable_name =~ "Digilent Zybo 210279653217A"} -index 0' command is executed.
13:03:46 INFO  : System reset is completed.
13:03:50 INFO  : 'targets -set -filter {jtag_cable_name =~ "Digilent Zybo 210279653217A" && level==0} -index 1' command is executed.
13:03:52 INFO  : FPGA configured successfully with bitstream "C:/workspace_vivado/vga_vhd/vga_vhd.sdk/top_hw_platform_0/top.bit"
13:03:52 INFO  : 'targets -set -filter {name =~"APU" && jtag_cable_name =~ "Digilent Zybo 210279653217A"} -index 0' command is executed.
13:03:52 INFO  : Hardware design information is loaded from 'C:/workspace_vivado/vga_vhd/vga_vhd.sdk/top_hw_platform_0/system.hdf'.
13:03:53 INFO  : 'ps7_init' command is executed.
13:03:53 INFO  : 'ps7_post_config' command is executed.
13:03:54 INFO  : Context for processor 'ps7_cortexa9_0' is selected.
13:03:54 INFO  : The application 'C:/workspace_vivado/vga_vhd/vga_vhd.sdk/vga_hdl/Debug/vga_hdl.elf' is downloaded to processor 'ps7_cortexa9_0'.
13:03:54 INFO  : ----------------XSDB Script----------------
connect -url tcp:127.0.0.1:3121
source C:/workspace_vivado/vga_vhd/vga_vhd.sdk/top_hw_platform_0/ps7_init.tcl
targets -set -filter {name =~"APU" && jtag_cable_name =~ "Digilent Zybo 210279653217A"} -index 0
rst -system
targets -set -filter {jtag_cable_name =~ "Digilent Zybo 210279653217A" && level==0} -index 1
fpga -file C:/workspace_vivado/vga_vhd/vga_vhd.sdk/top_hw_platform_0/top.bit
targets -set -filter {name =~"APU" && jtag_cable_name =~ "Digilent Zybo 210279653217A"} -index 0
loadhw C:/workspace_vivado/vga_vhd/vga_vhd.sdk/top_hw_platform_0/system.hdf
ps7_init
ps7_post_config
targets -set -nocase -filter {name =~ "ARM*#0" && jtag_cable_name =~ "Digilent Zybo 210279653217A"} -index 0
dow C:/workspace_vivado/vga_vhd/vga_vhd.sdk/vga_hdl/Debug/vga_hdl.elf
----------------End of Script----------------

13:03:54 INFO  : Memory regions updated for context APU
13:03:54 INFO  : Context for processor 'ps7_cortexa9_0' is selected.
13:03:54 INFO  : 'con' command is executed.
13:03:54 INFO  : ----------------XSDB Script (After Launch)----------------
targets -set -nocase -filter {name =~ "ARM*#0" && jtag_cable_name =~ "Digilent Zybo 210279653217A"} -index 0
con
----------------End of Script----------------

13:07:58 INFO  : Disconnected from the channel tcfchan#1.
13:09:19 INFO  : Launching XSDB server: xsdb.bat C:/Xilinx/SDK/2015.4/scripts/xsdb/xsdb/xsdb-server.tcl
13:09:20 INFO  : XSDB server has started successfully.
13:09:20 INFO  : Processing command line option -hwspec C:/workspace_vivado/vga_vhd/vga_vhd.sdk/top.hdf.
13:09:20 INFO  : Checking for hwspec changes in the project top_hw_platform_0.
13:09:22 INFO  : SDK has detected change in the last modified timestamps for source hardware specification file Source:1478923732293,  Project:1478923157737
13:09:22 INFO  : The hardware specification for project 'top_hw_platform_0' is different from C:/workspace_vivado/vga_vhd/vga_vhd.sdk/top.hdf.
13:09:22 INFO  : Copied contents of C:/workspace_vivado/vga_vhd/vga_vhd.sdk/top.hdf into \top_hw_platform_0\system.hdf.
13:09:25 INFO  : Synchronizing projects in the workspace with the hardware platform specification changes.
13:09:27 INFO  : 
13:09:28 INFO  : Updating hardware inferred compiler options for vga_hdl.
13:09:28 INFO  : Clearing existing target manager status.
13:09:50 INFO  : Connected to target on host '127.0.0.1' and port '3121'.
13:09:55 INFO  : Sourcing of 'C:/workspace_vivado/vga_vhd/vga_vhd.sdk/top_hw_platform_0/ps7_init.tcl' is done.
13:09:56 INFO  : 'targets -set -filter {name =~"APU" && jtag_cable_name =~ "Digilent Zybo 210279653217A"} -index 0' command is executed.
13:09:56 INFO  : System reset is completed.
13:09:59 INFO  : 'targets -set -filter {jtag_cable_name =~ "Digilent Zybo 210279653217A" && level==0} -index 1' command is executed.
13:10:01 INFO  : FPGA configured successfully with bitstream "C:/workspace_vivado/vga_vhd/vga_vhd.sdk/top_hw_platform_0/top.bit"
13:10:01 INFO  : 'targets -set -filter {name =~"APU" && jtag_cable_name =~ "Digilent Zybo 210279653217A"} -index 0' command is executed.
13:10:01 INFO  : Hardware design information is loaded from 'C:/workspace_vivado/vga_vhd/vga_vhd.sdk/top_hw_platform_0/system.hdf'.
13:10:02 INFO  : 'ps7_init' command is executed.
13:10:02 INFO  : 'ps7_post_config' command is executed.
13:10:02 INFO  : Context for processor 'ps7_cortexa9_0' is selected.
13:10:03 INFO  : The application 'C:/workspace_vivado/vga_vhd/vga_vhd.sdk/vga_hdl/Debug/vga_hdl.elf' is downloaded to processor 'ps7_cortexa9_0'.
13:10:03 INFO  : ----------------XSDB Script----------------
connect -url tcp:127.0.0.1:3121
source C:/workspace_vivado/vga_vhd/vga_vhd.sdk/top_hw_platform_0/ps7_init.tcl
targets -set -filter {name =~"APU" && jtag_cable_name =~ "Digilent Zybo 210279653217A"} -index 0
rst -system
targets -set -filter {jtag_cable_name =~ "Digilent Zybo 210279653217A" && level==0} -index 1
fpga -file C:/workspace_vivado/vga_vhd/vga_vhd.sdk/top_hw_platform_0/top.bit
targets -set -filter {name =~"APU" && jtag_cable_name =~ "Digilent Zybo 210279653217A"} -index 0
loadhw C:/workspace_vivado/vga_vhd/vga_vhd.sdk/top_hw_platform_0/system.hdf
ps7_init
ps7_post_config
targets -set -nocase -filter {name =~ "ARM*#0" && jtag_cable_name =~ "Digilent Zybo 210279653217A"} -index 0
dow C:/workspace_vivado/vga_vhd/vga_vhd.sdk/vga_hdl/Debug/vga_hdl.elf
----------------End of Script----------------

13:10:03 INFO  : Memory regions updated for context APU
13:10:03 INFO  : Context for processor 'ps7_cortexa9_0' is selected.
13:10:03 INFO  : 'con' command is executed.
13:10:03 INFO  : ----------------XSDB Script (After Launch)----------------
targets -set -nocase -filter {name =~ "ARM*#0" && jtag_cable_name =~ "Digilent Zybo 210279653217A"} -index 0
con
----------------End of Script----------------

13:12:52 INFO  : Disconnected from the channel tcfchan#1.
13:12:53 INFO  : Connected to target on host '127.0.0.1' and port '3121'.
13:12:53 INFO  : Sourcing of 'C:/workspace_vivado/vga_vhd/vga_vhd.sdk/top_hw_platform_0/ps7_init.tcl' is done.
13:12:53 INFO  : 'targets -set -filter {name =~"APU" && jtag_cable_name =~ "Digilent Zybo 210279653217A"} -index 0' command is executed.
13:12:54 INFO  : System reset is completed.
13:12:57 INFO  : 'targets -set -filter {jtag_cable_name =~ "Digilent Zybo 210279653217A" && level==0} -index 1' command is executed.
13:12:58 INFO  : FPGA configured successfully with bitstream "C:/workspace_vivado/vga_vhd/vga_vhd.sdk/top_hw_platform_0/top.bit"
13:12:59 INFO  : 'targets -set -filter {name =~"APU" && jtag_cable_name =~ "Digilent Zybo 210279653217A"} -index 0' command is executed.
13:12:59 INFO  : Hardware design information is loaded from 'C:/workspace_vivado/vga_vhd/vga_vhd.sdk/top_hw_platform_0/system.hdf'.
13:13:00 INFO  : 'ps7_init' command is executed.
13:13:00 INFO  : 'ps7_post_config' command is executed.
13:13:00 INFO  : Context for processor 'ps7_cortexa9_0' is selected.
13:13:00 INFO  : The application 'C:/workspace_vivado/vga_vhd/vga_vhd.sdk/vga_hdl/Debug/vga_hdl.elf' is downloaded to processor 'ps7_cortexa9_0'.
13:13:00 INFO  : ----------------XSDB Script----------------
connect -url tcp:127.0.0.1:3121
source C:/workspace_vivado/vga_vhd/vga_vhd.sdk/top_hw_platform_0/ps7_init.tcl
targets -set -filter {name =~"APU" && jtag_cable_name =~ "Digilent Zybo 210279653217A"} -index 0
rst -system
targets -set -filter {jtag_cable_name =~ "Digilent Zybo 210279653217A" && level==0} -index 1
fpga -file C:/workspace_vivado/vga_vhd/vga_vhd.sdk/top_hw_platform_0/top.bit
targets -set -filter {name =~"APU" && jtag_cable_name =~ "Digilent Zybo 210279653217A"} -index 0
loadhw C:/workspace_vivado/vga_vhd/vga_vhd.sdk/top_hw_platform_0/system.hdf
ps7_init
ps7_post_config
targets -set -nocase -filter {name =~ "ARM*#0" && jtag_cable_name =~ "Digilent Zybo 210279653217A"} -index 0
dow C:/workspace_vivado/vga_vhd/vga_vhd.sdk/vga_hdl/Debug/vga_hdl.elf
----------------End of Script----------------

13:13:00 INFO  : Memory regions updated for context APU
13:13:00 INFO  : Context for processor 'ps7_cortexa9_0' is selected.
13:13:00 INFO  : 'con' command is executed.
13:13:00 INFO  : ----------------XSDB Script (After Launch)----------------
targets -set -nocase -filter {name =~ "ARM*#0" && jtag_cable_name =~ "Digilent Zybo 210279653217A"} -index 0
con
----------------End of Script----------------

22:34:38 WARN  : Unexpected exception occurred.
java.io.IOException: Command [C 277 xsdb eval "disconnect tcfchan#2"] aborted
	at org.eclipse.tcf.core.AbstractChannel$9.run(AbstractChannel.java:753)
	at org.eclipse.tcf.EventQueue.run(EventQueue.java:95)
	at java.lang.Thread.run(Thread.java:745)
Caused by: java.net.SocketException: Connection reset
	at java.net.SocketInputStream.read(SocketInputStream.java:209)
	at java.net.SocketInputStream.read(SocketInputStream.java:141)
	at java.io.BufferedInputStream.read1(BufferedInputStream.java:284)
	at java.io.BufferedInputStream.read(BufferedInputStream.java:345)
	at java.io.FilterInputStream.read(FilterInputStream.java:107)
	at org.eclipse.tcf.core.ChannelTCP.get(ChannelTCP.java:162)
	at org.eclipse.tcf.core.StreamChannel.read(StreamChannel.java:84)
	at org.eclipse.tcf.core.AbstractChannel$1.run(AbstractChannel.java:254)
22:34:39 ERROR : Unexpected error while parsing XMD response ?: com.google.gson.JsonSyntaxException: com.google.gson.stream.MalformedJsonException: invalid number or unquoted string near 
